==122721== Memcheck, a memory error detector
==122721== Copyright (C) 2002-2022, and GNU GPL'd, by Julian Seward et al.
==122721== Using Valgrind-3.22.0.GIT and LibVEX; rerun with -h for copyright info
==122721== Command: ./a.out /usr/share/CS1D/A1/1000000_numbers.txt 1
==122721== Parent PID: 120947
==122721== 
==122721== Warning: client switching stacks?  SP change: 0x1ffee17880 --> 0x1ffefffd60
==122721==          to suppress, use: --max-stackframe=2000096 or greater
==122721== Warning: client switching stacks?  SP change: 0x1ffee17880 --> 0x1ffefffd60
==122721==          to suppress, use: --max-stackframe=2000096 or greater
==122721== Warning: client switching stacks?  SP change: 0x1ffec2f430 --> 0x1ffefffd90
==122721==          to suppress, use: --max-stackframe=4000096 or greater
==122721==          further instances of this message will not be shown.
==122721== 
==122721== HEAP SUMMARY:
==122721==     in use at exit: 0 bytes in 0 blocks
==122721==   total heap usage: 8 allocs, 8 frees, 4,092,119 bytes allocated
==122721== 
==122721== All heap blocks were freed -- no leaks are possible
==122721== 
==122721== For lists of detected and suppressed errors, rerun with: -s
==122721== ERROR SUMMARY: 0 errors from 0 contexts (suppressed: 0 from 0)
