==123795== Memcheck, a memory error detector
==123795== Copyright (C) 2002-2022, and GNU GPL'd, by Julian Seward et al.
==123795== Using Valgrind-3.22.0.GIT and LibVEX; rerun with -h for copyright info
==123795== Command: ./a.out /usr/share/CS1D/A1/1000000_numbers.txt 6
==123795== Parent PID: 120947
==123795== 
==123795== Warning: client switching stacks?  SP change: 0x1ffefffd40 --> 0x1ffec2f440
==123795==          to suppress, use: --max-stackframe=4000000 or greater
==123795== Invalid write of size 4
==123795==    at 0x4033B1: CountingSort2(int*, int, int) (in /home/izuhuruddin0/Documents/A1/a.out)
==123795==    by 0x403483: RadixSort(int*, int, int) (in /home/izuhuruddin0/Documents/A1/a.out)
==123795==    by 0x40273E: main (in /home/izuhuruddin0/Documents/A1/a.out)
==123795==  Address 0x1ffed543e8 is on thread 1's stack
==123795==  in frame #0, created by CountingSort2(int*, int, int) (???:)
==123795== 
==123795== Invalid read of size 4
==123795==    at 0x40343E: CountingSort2(int*, int, int) (in /home/izuhuruddin0/Documents/A1/a.out)
==123795==    by 0x403483: RadixSort(int*, int, int) (in /home/izuhuruddin0/Documents/A1/a.out)
==123795==    by 0x40273E: main (in /home/izuhuruddin0/Documents/A1/a.out)
==123795==  Address 0x1ffec2f440 is on thread 1's stack
==123795==  in frame #0, created by CountingSort2(int*, int, int) (???:)
==123795== 
==123795== Warning: client switching stacks?  SP change: 0x1ffec2f440 --> 0x1ffefffd90
==123795==          to suppress, use: --max-stackframe=4000080 or greater
==123795== Warning: client switching stacks?  SP change: 0x1ffefffd40 --> 0x1ffec2f440
==123795==          to suppress, use: --max-stackframe=4000000 or greater
==123795==          further instances of this message will not be shown.
==123795== 
==123795== More than 10000000 total errors detected.  I'm not reporting any more.
==123795== Final error counts will be inaccurate.  Go fix your program!
==123795== Rerun with --error-limit=no to disable this cutoff.  Note
==123795== that errors may occur in your program without prior warning from
==123795== Valgrind, because errors are no longer being displayed.
==123795== 
==123795== 
==123795== HEAP SUMMARY:
==123795==     in use at exit: 0 bytes in 0 blocks
==123795==   total heap usage: 8 allocs, 8 frees, 4,092,119 bytes allocated
==123795== 
==123795== All heap blocks were freed -- no leaks are possible
==123795== 
==123795== For lists of detected and suppressed errors, rerun with: -s
==123795== ERROR SUMMARY: 10000000 errors from 2 contexts (suppressed: 0 from 0)
